# JRE version: OpenJDK Runtime Environment (8.0) (build 1.8.0-25-microsoft-b00)
# Java VM: OpenJDK 64-Bit Server VM (25.71-b00 mixed mode windows-amd64 compressed oops)
Heap:
 PSYoungGen      total 141824K, used 5934K [0x00000000eab00000, 0x00000000f7380000, 0x0000000100000000)
  eden space 131072K, 1% used [0x00000000eab00000,0x00000000eaccfa68,0x00000000f2b00000)
  from space 10752K, 37% used [0x00000000f2b00000,0x00000000f2efc070,0x00000000f3580000)
  to   space 17408K, 0% used [0x00000000f6280000,0x00000000f6280000,0x00000000f7380000)
 ParOldGen       total 175104K, used 88212K [0x00000000c0000000, 0x00000000cab00000, 0x00000000eab00000)
  object space 175104K, 50% used [0x00000000c0000000,0x00000000c56252c8,0x00000000cab00000)
 Metaspace       used 17163K, capacity 18320K, committed 18560K, reserved 1064960K
  class space    used 2050K, capacity 2332K, committed 2432K, reserved 1048576K
GC Heap History (10 events):
Event: 6.159 GC heap before
{Heap before GC invocations=23 (full 0):
 PSYoungGen      total 141824K, used 132288K [0x00000000eab00000, 0x00000000f4000000, 0x0000000100000000)
  eden space 131072K, 100% used [0x00000000eab00000,0x00000000f2b00000,0x00000000f2b00000)
  from space 10752K, 11% used [0x00000000f3580000,0x00000000f36b0000,0x00000000f4000000)
  to   space 10752K, 0% used [0x00000000f2b00000,0x00000000f2b00000,0x00000000f3580000)
 ParOldGen       total 175104K, used 82460K [0x00000000c0000000, 0x00000000cab00000, 0x00000000eab00000)
  object space 175104K, 47% used [0x00000000c0000000,0x00000000c50872c8,0x00000000cab00000)
 Metaspace       used 16084K, capacity 17130K, committed 17408K, reserved 1064960K
  class space    used 1925K, capacity 2205K, committed 2304K, reserved 1048576K
Event: 6.164 GC heap after
Heap after GC invocations=23 (full 0):
 PSYoungGen      total 141824K, used 1504K [0x00000000eab00000, 0x00000000f4000000, 0x0000000100000000)
  eden space 131072K, 0% used [0x00000000eab00000,0x00000000eab00000,0x00000000f2b00000)
  from space 10752K, 13% used [0x00000000f2b00000,0x00000000f2c78000,0x00000000f3580000)
  to   space 10752K, 0% used [0x00000000f3580000,0x00000000f3580000,0x00000000f4000000)
 ParOldGen       total 175104K, used 83540K [0x00000000c0000000, 0x00000000cab00000, 0x00000000eab00000)
  object space 175104K, 47% used [0x00000000c0000000,0x00000000c51952c8,0x00000000cab00000)
 Metaspace       used 16084K, capacity 17130K, committed 17408K, reserved 1064960K
  class space    used 1925K, capacity 2205K, committed 2304K, reserved 1048576K
}
Event: 6.314 GC heap before
{Heap before GC invocations=24 (full 0):
 PSYoungGen      total 141824K, used 132576K [0x00000000eab00000, 0x00000000f4000000, 0x0000000100000000)
  eden space 131072K, 100% used [0x00000000eab00000,0x00000000f2b00000,0x00000000f2b00000)
  from space 10752K, 13% used [0x00000000f2b00000,0x00000000f2c78000,0x00000000f3580000)
  to   space 10752K, 0% used [0x00000000f3580000,0x00000000f3580000,0x00000000f4000000)
 ParOldGen       total 175104K, used 83540K [0x00000000c0000000, 0x00000000cab00000, 0x00000000eab00000)
  object space 175104K, 47% used [0x00000000c0000000,0x00000000c51952c8,0x00000000cab00000)
 Metaspace       used 16092K, capacity 17130K, committed 17408K, reserved 1064960K
  class space    used 1925K, capacity 2205K, committed 2304K, reserved 1048576K
Event: 6.318 GC heap after
Heap after GC invocations=24 (full 0):
 PSYoungGen      total 141824K, used 1920K [0x00000000eab00000, 0x00000000f4000000, 0x0000000100000000)
  eden space 131072K, 0% used [0x00000000eab00000,0x00000000eab00000,0x00000000f2b00000)
  from space 10752K, 17% used [0x00000000f3580000,0x00000000f3760000,0x00000000f4000000)
  to   space 10752K, 0% used [0x00000000f2b00000,0x00000000f2b00000,0x00000000f3580000)
 ParOldGen       total 175104K, used 84428K [0x00000000c0000000, 0x00000000cab00000, 0x00000000eab00000)
  object space 175104K, 48% used [0x00000000c0000000,0x00000000c52732c8,0x00000000cab00000)
 Metaspace       used 16092K, capacity 17130K, committed 17408K, reserved 1064960K
  class space    used 1925K, capacity 2205K, committed 2304K, reserved 1048576K
}
Event: 6.463 GC heap before
{Heap before GC invocations=25 (full 0):
 PSYoungGen      total 141824K, used 132992K [0x00000000eab00000, 0x00000000f4000000, 0x0000000100000000)
  eden space 131072K, 100% used [0x00000000eab00000,0x00000000f2b00000,0x00000000f2b00000)
  from space 10752K, 17% used [0x00000000f3580000,0x00000000f3760000,0x00000000f4000000)
  to   space 10752K, 0% used [0x00000000f2b00000,0x00000000f2b00000,0x00000000f3580000)
 ParOldGen       total 175104K, used 84428K [0x00000000c0000000, 0x00000000cab00000, 0x00000000eab00000)
  object space 175104K, 48% used [0x00000000c0000000,0x00000000c52732c8,0x00000000cab00000)
 Metaspace       used 16095K, capacity 17130K, committed 17408K, reserved 1064960K
  class space    used 1925K, capacity 2205K, committed 2304K, reserved 1048576K
Event: 6.469 GC heap after
Heap after GC invocations=25 (full 0):
 PSYoungGen      total 141824K, used 1504K [0x00000000eab00000, 0x00000000f4000000, 0x0000000100000000)
  eden space 131072K, 0% used [0x00000000eab00000,0x00000000eab00000,0x00000000f2b00000)
  from space 10752K, 13% used [0x00000000f2b00000,0x00000000f2c78000,0x00000000f3580000)
  to   space 10752K, 0% used [0x00000000f3580000,0x00000000f3580000,0x00000000f4000000)
 ParOldGen       total 175104K, used 85668K [0x00000000c0000000, 0x00000000cab00000, 0x00000000eab00000)
  object space 175104K, 48% used [0x00000000c0000000,0x00000000c53a92c8,0x00000000cab00000)
 Metaspace       used 16095K, capacity 17130K, committed 17408K, reserved 1064960K
  class space    used 1925K, capacity 2205K, committed 2304K, reserved 1048576K
}
Event: 6.603 GC heap before
{Heap before GC invocations=26 (full 0):
 PSYoungGen      total 141824K, used 132576K [0x00000000eab00000, 0x00000000f4000000, 0x0000000100000000)
  eden space 131072K, 100% used [0x00000000eab00000,0x00000000f2b00000,0x00000000f2b00000)
  from space 10752K, 13% used [0x00000000f2b00000,0x00000000f2c78000,0x00000000f3580000)
  to   space 10752K, 0% used [0x00000000f3580000,0x00000000f3580000,0x00000000f4000000)
 ParOldGen       total 175104K, used 85668K [0x00000000c0000000, 0x00000000cab00000, 0x00000000eab00000)
  object space 175104K, 48% used [0x00000000c0000000,0x00000000c53a92c8,0x00000000cab00000)
 Metaspace       used 16103K, capacity 17130K, committed 17408K, reserved 1064960K
  class space    used 1926K, capacity 2205K, committed 2304K, reserved 1048576K
Event: 6.607 GC heap after
Heap after GC invocations=26 (full 0):
 PSYoungGen      total 141824K, used 1408K [0x00000000eab00000, 0x00000000f4000000, 0x0000000100000000)
  eden space 131072K, 0% used [0x00000000eab00000,0x00000000eab00000,0x00000000f2b00000)
  from space 10752K, 13% used [0x00000000f3580000,0x00000000f36e0000,0x00000000f4000000)
  to   space 10752K, 0% used [0x00000000f2b00000,0x00000000f2b00000,0x00000000f3580000)
 ParOldGen       total 175104K, used 86900K [0x00000000c0000000, 0x00000000cab00000, 0x00000000eab00000)
  object space 175104K, 49% used [0x00000000c0000000,0x00000000c54dd2c8,0x00000000cab00000)
 Metaspace       used 16103K, capacity 17130K, committed 17408K, reserved 1064960K
  class space    used 1926K, capacity 2205K, committed 2304K, reserved 1048576K
}
Event: 7.062 GC heap before
{Heap before GC invocations=27 (full 0):
 PSYoungGen      total 141824K, used 132480K [0x00000000eab00000, 0x00000000f4000000, 0x0000000100000000)
  eden space 131072K, 100% used [0x00000000eab00000,0x00000000f2b00000,0x00000000f2b00000)
  from space 10752K, 13% used [0x00000000f3580000,0x00000000f36e0000,0x00000000f4000000)
  to   space 10752K, 0% used [0x00000000f2b00000,0x00000000f2b00000,0x00000000f3580000)
 ParOldGen       total 175104K, used 86900K [0x00000000c0000000, 0x00000000cab00000, 0x00000000eab00000)
  object space 175104K, 49% used [0x00000000c0000000,0x00000000c54dd2c8,0x00000000cab00000)
 Metaspace       used 17162K, capacity 18320K, committed 18560K, reserved 1064960K
  class space    used 2050K, capacity 2332K, committed 2432K, reserved 1048576K
Event: 7.068 GC heap after
Heap after GC invocations=27 (full 0):
 PSYoungGen      total 141824K, used 4080K [0x00000000eab00000, 0x00000000f7380000, 0x0000000100000000)
  eden space 131072K, 0% used [0x00000000eab00000,0x00000000eab00000,0x00000000f2b00000)
  from space 10752K, 37% used [0x00000000f2b00000,0x00000000f2efc070,0x00000000f3580000)
  to   space 17408K, 0% used [0x00000000f6280000,0x00000000f6280000,0x00000000f7380000)
 ParOldGen       total 175104K, used 88212K [0x00000000c0000000, 0x00000000cab00000, 0x00000000eab00000)
  object space 175104K, 50% used [0x00000000c0000000,0x00000000c56252c8,0x00000000cab00000)
 Metaspace       used 17162K, capacity 18320K, committed 18560K, reserved 1064960K
  class space    used 2050K, capacity 2332K, committed 2432K, reserved 1048576K
}

