# JRE version: OpenJDK Runtime Environment (8.0) (build 1.8.0-25-microsoft-b00)
# Java VM: OpenJDK 64-Bit Server VM (25.71-b00 mixed mode windows-amd64 compressed oops)
Heap:
 PSYoungGen      total 141824K, used 31017K [0x00000000eab00000, 0x00000000f8880000, 0x0000000100000000)
  eden space 131072K, 22% used [0x00000000eab00000,0x00000000ec7ba748,0x00000000f2b00000)
  from space 10752K, 14% used [0x00000000f2b00000,0x00000000f2c90000,0x00000000f3580000)
  to   space 21504K, 0% used [0x00000000f7380000,0x00000000f7380000,0x00000000f8880000)
 ParOldGen       total 175104K, used 80958K [0x00000000c0000000, 0x00000000cab00000, 0x00000000eab00000)
  object space 175104K, 46% used [0x00000000c0000000,0x00000000c4f0fbb8,0x00000000cab00000)
 Metaspace       used 16061K, capacity 17108K, committed 17408K, reserved 1064960K
  class space    used 1923K, capacity 2194K, committed 2304K, reserved 1048576K
GC Heap History (10 events):
Event: 4.960 GC heap before
{Heap before GC invocations=19 (full 0):
 PSYoungGen      total 141824K, used 133088K [0x00000000eab00000, 0x00000000f4000000, 0x0000000100000000)
  eden space 131072K, 100% used [0x00000000eab00000,0x00000000f2b00000,0x00000000f2b00000)
  from space 10752K, 18% used [0x00000000f3580000,0x00000000f3778000,0x00000000f4000000)
  to   space 10752K, 0% used [0x00000000f2b00000,0x00000000f2b00000,0x00000000f3580000)
 ParOldGen       total 175104K, used 74767K [0x00000000c0000000, 0x00000000cab00000, 0x00000000eab00000)
  object space 175104K, 42% used [0x00000000c0000000,0x00000000c4903eb8,0x00000000cab00000)
 Metaspace       used 16050K, capacity 17108K, committed 17408K, reserved 1064960K
  class space    used 1922K, capacity 2194K, committed 2304K, reserved 1048576K
Event: 4.963 GC heap after
Heap after GC invocations=19 (full 0):
 PSYoungGen      total 141824K, used 1824K [0x00000000eab00000, 0x00000000f4000000, 0x0000000100000000)
  eden space 131072K, 0% used [0x00000000eab00000,0x00000000eab00000,0x00000000f2b00000)
  from space 10752K, 16% used [0x00000000f2b00000,0x00000000f2cc8000,0x00000000f3580000)
  to   space 10752K, 0% used [0x00000000f3580000,0x00000000f3580000,0x00000000f4000000)
 ParOldGen       total 175104K, used 76190K [0x00000000c0000000, 0x00000000cab00000, 0x00000000eab00000)
  object space 175104K, 43% used [0x00000000c0000000,0x00000000c4a67bb8,0x00000000cab00000)
 Metaspace       used 16050K, capacity 17108K, committed 17408K, reserved 1064960K
  class space    used 1922K, capacity 2194K, committed 2304K, reserved 1048576K
}
Event: 5.114 GC heap before
{Heap before GC invocations=20 (full 0):
 PSYoungGen      total 141824K, used 132896K [0x00000000eab00000, 0x00000000f4000000, 0x0000000100000000)
  eden space 131072K, 100% used [0x00000000eab00000,0x00000000f2b00000,0x00000000f2b00000)
  from space 10752K, 16% used [0x00000000f2b00000,0x00000000f2cc8000,0x00000000f3580000)
  to   space 10752K, 0% used [0x00000000f3580000,0x00000000f3580000,0x00000000f4000000)
 ParOldGen       total 175104K, used 76190K [0x00000000c0000000, 0x00000000cab00000, 0x00000000eab00000)
  object space 175104K, 43% used [0x00000000c0000000,0x00000000c4a67bb8,0x00000000cab00000)
 Metaspace       used 16051K, capacity 17108K, committed 17408K, reserved 1064960K
  class space    used 1922K, capacity 2194K, committed 2304K, reserved 1048576K
Event: 5.118 GC heap after
Heap after GC invocations=20 (full 0):
 PSYoungGen      total 141824K, used 1120K [0x00000000eab00000, 0x00000000f4000000, 0x0000000100000000)
  eden space 131072K, 0% used [0x00000000eab00000,0x00000000eab00000,0x00000000f2b00000)
  from space 10752K, 10% used [0x00000000f3580000,0x00000000f3698000,0x00000000f4000000)
  to   space 10752K, 0% used [0x00000000f2b00000,0x00000000f2b00000,0x00000000f3580000)
 ParOldGen       total 175104K, used 77830K [0x00000000c0000000, 0x00000000cab00000, 0x00000000eab00000)
  object space 175104K, 44% used [0x00000000c0000000,0x00000000c4c01bb8,0x00000000cab00000)
 Metaspace       used 16051K, capacity 17108K, committed 17408K, reserved 1064960K
  class space    used 1922K, capacity 2194K, committed 2304K, reserved 1048576K
}
Event: 5.266 GC heap before
{Heap before GC invocations=21 (full 0):
 PSYoungGen      total 141824K, used 132192K [0x00000000eab00000, 0x00000000f4000000, 0x0000000100000000)
  eden space 131072K, 100% used [0x00000000eab00000,0x00000000f2b00000,0x00000000f2b00000)
  from space 10752K, 10% used [0x00000000f3580000,0x00000000f3698000,0x00000000f4000000)
  to   space 10752K, 0% used [0x00000000f2b00000,0x00000000f2b00000,0x00000000f3580000)
 ParOldGen       total 175104K, used 77830K [0x00000000c0000000, 0x00000000cab00000, 0x00000000eab00000)
  object space 175104K, 44% used [0x00000000c0000000,0x00000000c4c01bb8,0x00000000cab00000)
 Metaspace       used 16057K, capacity 17108K, committed 17408K, reserved 1064960K
  class space    used 1923K, capacity 2194K, committed 2304K, reserved 1048576K
Event: 5.269 GC heap after
Heap after GC invocations=21 (full 0):
 PSYoungGen      total 141824K, used 1376K [0x00000000eab00000, 0x00000000f4000000, 0x0000000100000000)
  eden space 131072K, 0% used [0x00000000eab00000,0x00000000eab00000,0x00000000f2b00000)
  from space 10752K, 12% used [0x00000000f2b00000,0x00000000f2c58000,0x00000000f3580000)
  to   space 10752K, 0% used [0x00000000f3580000,0x00000000f3580000,0x00000000f4000000)
 ParOldGen       total 175104K, used 78686K [0x00000000c0000000, 0x00000000cab00000, 0x00000000eab00000)
  object space 175104K, 44% used [0x00000000c0000000,0x00000000c4cd7bb8,0x00000000cab00000)
 Metaspace       used 16057K, capacity 17108K, committed 17408K, reserved 1064960K
  class space    used 1923K, capacity 2194K, committed 2304K, reserved 1048576K
}
Event: 5.405 GC heap before
{Heap before GC invocations=22 (full 0):
 PSYoungGen      total 141824K, used 132448K [0x00000000eab00000, 0x00000000f4000000, 0x0000000100000000)
  eden space 131072K, 100% used [0x00000000eab00000,0x00000000f2b00000,0x00000000f2b00000)
  from space 10752K, 12% used [0x00000000f2b00000,0x00000000f2c58000,0x00000000f3580000)
  to   space 10752K, 0% used [0x00000000f3580000,0x00000000f3580000,0x00000000f4000000)
 ParOldGen       total 175104K, used 78686K [0x00000000c0000000, 0x00000000cab00000, 0x00000000eab00000)
  object space 175104K, 44% used [0x00000000c0000000,0x00000000c4cd7bb8,0x00000000cab00000)
 Metaspace       used 16061K, capacity 17108K, committed 17408K, reserved 1064960K
  class space    used 1923K, capacity 2194K, committed 2304K, reserved 1048576K
Event: 5.409 GC heap after
Heap after GC invocations=22 (full 0):
 PSYoungGen      total 141824K, used 1504K [0x00000000eab00000, 0x00000000f4000000, 0x0000000100000000)
  eden space 131072K, 0% used [0x00000000eab00000,0x00000000eab00000,0x00000000f2b00000)
  from space 10752K, 13% used [0x00000000f3580000,0x00000000f36f8000,0x00000000f4000000)
  to   space 10752K, 0% used [0x00000000f2b00000,0x00000000f2b00000,0x00000000f3580000)
 ParOldGen       total 175104K, used 79838K [0x00000000c0000000, 0x00000000cab00000, 0x00000000eab00000)
  object space 175104K, 45% used [0x00000000c0000000,0x00000000c4df7bb8,0x00000000cab00000)
 Metaspace       used 16061K, capacity 17108K, committed 17408K, reserved 1064960K
  class space    used 1923K, capacity 2194K, committed 2304K, reserved 1048576K
}
Event: 5.542 GC heap before
{Heap before GC invocations=23 (full 0):
 PSYoungGen      total 141824K, used 132576K [0x00000000eab00000, 0x00000000f4000000, 0x0000000100000000)
  eden space 131072K, 100% used [0x00000000eab00000,0x00000000f2b00000,0x00000000f2b00000)
  from space 10752K, 13% used [0x00000000f3580000,0x00000000f36f8000,0x00000000f4000000)
  to   space 10752K, 0% used [0x00000000f2b00000,0x00000000f2b00000,0x00000000f3580000)
 ParOldGen       total 175104K, used 79838K [0x00000000c0000000, 0x00000000cab00000, 0x00000000eab00000)
  object space 175104K, 45% used [0x00000000c0000000,0x00000000c4df7bb8,0x00000000cab00000)
 Metaspace       used 16061K, capacity 17108K, committed 17408K, reserved 1064960K
  class space    used 1923K, capacity 2194K, committed 2304K, reserved 1048576K
Event: 5.546 GC heap after
Heap after GC invocations=23 (full 0):
 PSYoungGen      total 141824K, used 1600K [0x00000000eab00000, 0x00000000f8880000, 0x0000000100000000)
  eden space 131072K, 0% used [0x00000000eab00000,0x00000000eab00000,0x00000000f2b00000)
  from space 10752K, 14% used [0x00000000f2b00000,0x00000000f2c90000,0x00000000f3580000)
  to   space 21504K, 0% used [0x00000000f7380000,0x00000000f7380000,0x00000000f8880000)
 ParOldGen       total 175104K, used 80958K [0x00000000c0000000, 0x00000000cab00000, 0x00000000eab00000)
  object space 175104K, 46% used [0x00000000c0000000,0x00000000c4f0fbb8,0x00000000cab00000)
 Metaspace       used 16061K, capacity 17108K, committed 17408K, reserved 1064960K
  class space    used 1923K, capacity 2194K, committed 2304K, reserved 1048576K
}

